0 info it worked if it ends with ok
1 verbose cli [ 'C:\\Program Files\\nodejs\\node.exe',
1 verbose cli   'C:\\Program Files\\nodejs\\node_modules\\npm\\bin\\npm-cli.js',
1 verbose cli   'install',
1 verbose cli   'color-thief' ]
2 info using npm@3.10.9
3 info using node@v7.2.0
4 silly loadCurrentTree Starting
5 silly install loadCurrentTree
6 silly install readLocalPackageData
7 silly fetchPackageMetaData color-thief
8 silly fetchNamedPackageData color-thief
9 silly mapToRegistry name color-thief
10 silly mapToRegistry using default registry
11 silly mapToRegistry registry https://registry.npmjs.org/
12 silly mapToRegistry data Result {
12 silly mapToRegistry   raw: 'color-thief',
12 silly mapToRegistry   scope: null,
12 silly mapToRegistry   escapedName: 'color-thief',
12 silly mapToRegistry   name: 'color-thief',
12 silly mapToRegistry   rawSpec: '',
12 silly mapToRegistry   spec: 'latest',
12 silly mapToRegistry   type: 'tag' }
13 silly mapToRegistry uri https://registry.npmjs.org/color-thief
14 verbose request uri https://registry.npmjs.org/color-thief
15 verbose request no auth needed
16 info attempt registry request try #1 at 05:57:11
17 verbose request id 354863cb903ae9e8
18 verbose etag W/"582d7c1b-1d6f"
19 verbose lastModified Thu, 17 Nov 2016 09:44:59 GMT
20 http request GET https://registry.npmjs.org/color-thief
21 http 304 https://registry.npmjs.org/color-thief
22 verbose headers { date: 'Fri, 09 Dec 2016 04:57:09 GMT',
22 verbose headers   via: '1.1 varnish',
22 verbose headers   'cache-control': 'max-age=300',
22 verbose headers   etag: 'W/"582d7c1b-1d6f"',
22 verbose headers   age: '0',
22 verbose headers   connection: 'keep-alive',
22 verbose headers   'x-served-by': 'cache-hhn1525-HHN',
22 verbose headers   'x-cache': 'MISS',
22 verbose headers   'x-cache-hits': '0',
22 verbose headers   'x-timer': 'S1481259429.023056,VS0,VE1',
22 verbose headers   vary: 'Accept-Encoding' }
23 silly get cb [ 304,
23 silly get   { date: 'Fri, 09 Dec 2016 04:57:09 GMT',
23 silly get     via: '1.1 varnish',
23 silly get     'cache-control': 'max-age=300',
23 silly get     etag: 'W/"582d7c1b-1d6f"',
23 silly get     age: '0',
23 silly get     connection: 'keep-alive',
23 silly get     'x-served-by': 'cache-hhn1525-HHN',
23 silly get     'x-cache': 'MISS',
23 silly get     'x-cache-hits': '0',
23 silly get     'x-timer': 'S1481259429.023056,VS0,VE1',
23 silly get     vary: 'Accept-Encoding' } ]
24 verbose etag https://registry.npmjs.org/color-thief from cache
25 verbose get saving color-thief to C:\Users\Spoody\AppData\Roaming\npm-cache\registry.npmjs.org\color-thief\.cache.json
26 verbose correctMkdir C:\Users\Spoody\AppData\Roaming\npm-cache correctMkdir not in flight; initializing
27 silly install normalizeTree
28 silly loadCurrentTree Finishing
29 silly loadIdealTree Starting
30 silly install loadIdealTree
31 silly cloneCurrentTree Starting
32 silly install cloneCurrentTreeToIdealTree
33 silly cloneCurrentTree Finishing
34 silly loadShrinkwrap Starting
35 silly install loadShrinkwrap
36 silly loadShrinkwrap Finishing
37 silly loadAllDepsIntoIdealTree Starting
38 silly install loadAllDepsIntoIdealTree
39 silly resolveWithNewModule color-thief@2.2.2 checking installable status
40 silly cache add args [ 'color-thief', null ]
41 verbose cache add spec color-thief
42 silly cache add parsed spec Result {
42 silly cache add   raw: 'color-thief',
42 silly cache add   scope: null,
42 silly cache add   escapedName: 'color-thief',
42 silly cache add   name: 'color-thief',
42 silly cache add   rawSpec: '',
42 silly cache add   spec: 'latest',
42 silly cache add   type: 'tag' }
43 silly addNamed color-thief@latest
44 verbose addNamed "latest" is being treated as a dist-tag for color-thief
45 info addNameTag [ 'color-thief', 'latest' ]
46 silly mapToRegistry name color-thief
47 silly mapToRegistry using default registry
48 silly mapToRegistry registry https://registry.npmjs.org/
49 silly mapToRegistry data Result {
49 silly mapToRegistry   raw: 'color-thief',
49 silly mapToRegistry   scope: null,
49 silly mapToRegistry   escapedName: 'color-thief',
49 silly mapToRegistry   name: 'color-thief',
49 silly mapToRegistry   rawSpec: '',
49 silly mapToRegistry   spec: 'latest',
49 silly mapToRegistry   type: 'tag' }
50 silly mapToRegistry uri https://registry.npmjs.org/color-thief
51 verbose addNameTag registry:https://registry.npmjs.org/color-thief not in flight; fetching
52 verbose get https://registry.npmjs.org/color-thief not expired, no request
53 silly addNameTag next cb for color-thief with tag latest
54 silly addNamed color-thief@2.2.2
55 verbose addNamed "2.2.2" is a plain semver version for color-thief
56 silly cache afterAdd color-thief@2.2.2
57 verbose afterAdd C:\Users\Spoody\AppData\Roaming\npm-cache\color-thief\2.2.2\package\package.json not in flight; writing
58 verbose correctMkdir C:\Users\Spoody\AppData\Roaming\npm-cache correctMkdir not in flight; initializing
59 verbose afterAdd C:\Users\Spoody\AppData\Roaming\npm-cache\color-thief\2.2.2\package\package.json written
60 silly fetchNamedPackageData canvas
61 silly mapToRegistry name canvas
62 silly mapToRegistry using default registry
63 silly mapToRegistry registry https://registry.npmjs.org/
64 silly mapToRegistry data Result {
64 silly mapToRegistry   raw: 'canvas',
64 silly mapToRegistry   scope: null,
64 silly mapToRegistry   escapedName: 'canvas',
64 silly mapToRegistry   name: 'canvas',
64 silly mapToRegistry   rawSpec: '',
64 silly mapToRegistry   spec: 'latest',
64 silly mapToRegistry   type: 'tag' }
65 silly mapToRegistry uri https://registry.npmjs.org/canvas
66 verbose request uri https://registry.npmjs.org/canvas
67 verbose request no auth needed
68 info attempt registry request try #1 at 05:57:11
69 verbose etag W/"5840247d-1e475"
70 verbose lastModified Thu, 01 Dec 2016 13:24:13 GMT
71 http request GET https://registry.npmjs.org/canvas
72 http 304 https://registry.npmjs.org/canvas
73 verbose headers { date: 'Fri, 09 Dec 2016 04:57:09 GMT',
73 verbose headers   via: '1.1 varnish',
73 verbose headers   'cache-control': 'max-age=300',
73 verbose headers   etag: 'W/"5840247d-1e475"',
73 verbose headers   age: '0',
73 verbose headers   connection: 'keep-alive',
73 verbose headers   'x-served-by': 'cache-hhn1525-HHN',
73 verbose headers   'x-cache': 'HIT',
73 verbose headers   'x-cache-hits': '1',
73 verbose headers   'x-timer': 'S1481259429.156858,VS0,VE1',
73 verbose headers   vary: 'Accept-Encoding' }
74 silly get cb [ 304,
74 silly get   { date: 'Fri, 09 Dec 2016 04:57:09 GMT',
74 silly get     via: '1.1 varnish',
74 silly get     'cache-control': 'max-age=300',
74 silly get     etag: 'W/"5840247d-1e475"',
74 silly get     age: '0',
74 silly get     connection: 'keep-alive',
74 silly get     'x-served-by': 'cache-hhn1525-HHN',
74 silly get     'x-cache': 'HIT',
74 silly get     'x-cache-hits': '1',
74 silly get     'x-timer': 'S1481259429.156858,VS0,VE1',
74 silly get     vary: 'Accept-Encoding' } ]
75 verbose etag https://registry.npmjs.org/canvas from cache
76 verbose get saving canvas to C:\Users\Spoody\AppData\Roaming\npm-cache\registry.npmjs.org\canvas\.cache.json
77 verbose correctMkdir C:\Users\Spoody\AppData\Roaming\npm-cache correctMkdir not in flight; initializing
78 silly resolveWithNewModule canvas@1.2.11 checking installable status
79 silly cache add args [ 'canvas@~1.2.0', null ]
80 verbose cache add spec canvas@~1.2.0
81 silly cache add parsed spec Result {
81 silly cache add   raw: 'canvas@~1.2.0',
81 silly cache add   scope: null,
81 silly cache add   escapedName: 'canvas',
81 silly cache add   name: 'canvas',
81 silly cache add   rawSpec: '~1.2.0',
81 silly cache add   spec: '>=1.2.0 <1.3.0',
81 silly cache add   type: 'range' }
82 silly addNamed canvas@>=1.2.0 <1.3.0
83 verbose addNamed ">=1.2.0 <1.3.0" is a valid semver range for canvas
84 silly addNameRange { name: 'canvas', range: '>=1.2.0 <1.3.0', hasData: false }
85 silly mapToRegistry name canvas
86 silly mapToRegistry using default registry
87 silly mapToRegistry registry https://registry.npmjs.org/
88 silly mapToRegistry data Result {
88 silly mapToRegistry   raw: 'canvas',
88 silly mapToRegistry   scope: null,
88 silly mapToRegistry   escapedName: 'canvas',
88 silly mapToRegistry   name: 'canvas',
88 silly mapToRegistry   rawSpec: '',
88 silly mapToRegistry   spec: 'latest',
88 silly mapToRegistry   type: 'tag' }
89 silly mapToRegistry uri https://registry.npmjs.org/canvas
90 verbose addNameRange registry:https://registry.npmjs.org/canvas not in flight; fetching
91 verbose get https://registry.npmjs.org/canvas not expired, no request
92 silly addNameRange number 2 { name: 'canvas', range: '>=1.2.0 <1.3.0', hasData: true }
93 silly addNameRange versions [ 'canvas',
93 silly addNameRange   [ '0.0.1',
93 silly addNameRange     '0.0.2',
93 silly addNameRange     '0.0.3',
93 silly addNameRange     '0.0.4',
93 silly addNameRange     '0.0.5',
93 silly addNameRange     '0.0.6',
93 silly addNameRange     '0.0.7',
93 silly addNameRange     '0.0.8',
93 silly addNameRange     '0.1.0',
93 silly addNameRange     '0.2.0',
93 silly addNameRange     '0.2.1',
93 silly addNameRange     '0.3.0',
93 silly addNameRange     '0.3.1',
93 silly addNameRange     '0.3.2',
93 silly addNameRange     '0.3.3',
93 silly addNameRange     '0.4.0',
93 silly addNameRange     '0.4.1',
93 silly addNameRange     '0.4.2',
93 silly addNameRange     '0.4.3',
93 silly addNameRange     '0.5.0',
93 silly addNameRange     '0.5.1',
93 silly addNameRange     '0.5.2',
93 silly addNameRange     '0.5.3',
93 silly addNameRange     '0.5.4',
93 silly addNameRange     '0.6.0',
93 silly addNameRange     '0.7.0',
93 silly addNameRange     '0.7.1',
93 silly addNameRange     '0.7.2',
93 silly addNameRange     '0.7.3',
93 silly addNameRange     '0.8.0',
93 silly addNameRange     '0.8.1',
93 silly addNameRange     '0.8.2',
93 silly addNameRange     '0.8.3',
93 silly addNameRange     '0.9.0',
93 silly addNameRange     '0.10.0',
93 silly addNameRange     '0.10.1',
93 silly addNameRange     '0.10.2',
93 silly addNameRange     '0.10.3',
93 silly addNameRange     '0.11.0',
93 silly addNameRange     '0.11.1',
93 silly addNameRange     '0.11.2',
93 silly addNameRange     '0.11.3',
93 silly addNameRange     '0.12.0',
93 silly addNameRange     '0.12.1',
93 silly addNameRange     '0.13.0',
93 silly addNameRange     '0.13.1',
93 silly addNameRange     '1.0.0',
93 silly addNameRange     '1.0.1',
93 silly addNameRange     '1.0.2',
93 silly addNameRange     '1.0.3',
93 silly addNameRange     '1.0.4',
93 silly addNameRange     '1.1.0',
93 silly addNameRange     '1.1.1',
93 silly addNameRange     '1.1.2',
93 silly addNameRange     '1.1.3',
93 silly addNameRange     '1.1.4',
93 silly addNameRange     '1.1.5',
93 silly addNameRange     '1.1.6',
93 silly addNameRange     '1.2.0',
93 silly addNameRange     '1.2.1',
93 silly addNameRange     '1.2.2',
93 silly addNameRange     '1.2.3',
93 silly addNameRange     '1.2.4',
93 silly addNameRange     '1.2.5',
93 silly addNameRange     '1.2.6',
93 silly addNameRange     '1.2.7',
93 silly addNameRange     '1.2.8',
93 silly addNameRange     '1.2.9',
93 silly addNameRange     '1.2.10',
93 silly addNameRange     '1.2.11',
93 silly addNameRange     '1.3.0',
93 silly addNameRange     '1.3.1',
93 silly addNameRange     '1.3.2',
93 silly addNameRange     '1.3.3',
93 silly addNameRange     '1.3.4',
93 silly addNameRange     '1.3.5',
93 silly addNameRange     '1.3.6',
93 silly addNameRange     '1.3.7',
93 silly addNameRange     '1.3.8',
93 silly addNameRange     '1.3.9',
93 silly addNameRange     '1.3.10',
93 silly addNameRange     '1.3.11',
93 silly addNameRange     '1.3.12',
93 silly addNameRange     '1.3.13',
93 silly addNameRange     '1.3.14',
93 silly addNameRange     '1.3.15',
93 silly addNameRange     '1.3.16',
93 silly addNameRange     '1.4.0',
93 silly addNameRange     '1.5.0',
93 silly addNameRange     '1.6.0',
93 silly addNameRange     '1.6.1',
93 silly addNameRange     '1.6.2' ] ]
94 silly addNamed canvas@1.2.11
95 verbose addNamed "1.2.11" is a plain semver version for canvas
96 silly cache afterAdd canvas@1.2.11
97 verbose afterAdd C:\Users\Spoody\AppData\Roaming\npm-cache\canvas\1.2.11\package\package.json not in flight; writing
98 verbose correctMkdir C:\Users\Spoody\AppData\Roaming\npm-cache correctMkdir not in flight; initializing
99 verbose afterAdd C:\Users\Spoody\AppData\Roaming\npm-cache\canvas\1.2.11\package\package.json written
100 silly fetchNamedPackageData nan
101 silly mapToRegistry name nan
102 silly mapToRegistry using default registry
103 silly mapToRegistry registry https://registry.npmjs.org/
104 silly mapToRegistry data Result {
104 silly mapToRegistry   raw: 'nan',
104 silly mapToRegistry   scope: null,
104 silly mapToRegistry   escapedName: 'nan',
104 silly mapToRegistry   name: 'nan',
104 silly mapToRegistry   rawSpec: '',
104 silly mapToRegistry   spec: 'latest',
104 silly mapToRegistry   type: 'tag' }
105 silly mapToRegistry uri https://registry.npmjs.org/nan
106 verbose request uri https://registry.npmjs.org/nan
107 verbose request no auth needed
108 info attempt registry request try #1 at 05:57:11
109 verbose etag W/"58429a07-1ce2d"
110 verbose lastModified Sat, 03 Dec 2016 10:10:15 GMT
111 http request GET https://registry.npmjs.org/nan
112 http 304 https://registry.npmjs.org/nan
113 verbose headers { date: 'Fri, 09 Dec 2016 04:57:09 GMT',
113 verbose headers   via: '1.1 varnish',
113 verbose headers   'cache-control': 'max-age=300',
113 verbose headers   etag: 'W/"58429a07-1ce2d"',
113 verbose headers   age: '280',
113 verbose headers   connection: 'keep-alive',
113 verbose headers   'x-served-by': 'cache-hhn1525-HHN',
113 verbose headers   'x-cache': 'HIT',
113 verbose headers   'x-cache-hits': '2',
113 verbose headers   'x-timer': 'S1481259429.238845,VS0,VE0',
113 verbose headers   vary: 'Accept-Encoding' }
114 silly get cb [ 304,
114 silly get   { date: 'Fri, 09 Dec 2016 04:57:09 GMT',
114 silly get     via: '1.1 varnish',
114 silly get     'cache-control': 'max-age=300',
114 silly get     etag: 'W/"58429a07-1ce2d"',
114 silly get     age: '280',
114 silly get     connection: 'keep-alive',
114 silly get     'x-served-by': 'cache-hhn1525-HHN',
114 silly get     'x-cache': 'HIT',
114 silly get     'x-cache-hits': '2',
114 silly get     'x-timer': 'S1481259429.238845,VS0,VE0',
114 silly get     vary: 'Accept-Encoding' } ]
115 verbose etag https://registry.npmjs.org/nan from cache
116 verbose get saving nan to C:\Users\Spoody\AppData\Roaming\npm-cache\registry.npmjs.org\nan\.cache.json
117 verbose correctMkdir C:\Users\Spoody\AppData\Roaming\npm-cache correctMkdir not in flight; initializing
118 silly resolveWithNewModule nan@2.4.0 checking installable status
119 silly cache add args [ 'nan@^2.0.9', null ]
120 verbose cache add spec nan@^2.0.9
121 silly cache add parsed spec Result {
121 silly cache add   raw: 'nan@^2.0.9',
121 silly cache add   scope: null,
121 silly cache add   escapedName: 'nan',
121 silly cache add   name: 'nan',
121 silly cache add   rawSpec: '^2.0.9',
121 silly cache add   spec: '>=2.0.9 <3.0.0',
121 silly cache add   type: 'range' }
122 silly addNamed nan@>=2.0.9 <3.0.0
123 verbose addNamed ">=2.0.9 <3.0.0" is a valid semver range for nan
124 silly addNameRange { name: 'nan', range: '>=2.0.9 <3.0.0', hasData: false }
125 silly mapToRegistry name nan
126 silly mapToRegistry using default registry
127 silly mapToRegistry registry https://registry.npmjs.org/
128 silly mapToRegistry data Result {
128 silly mapToRegistry   raw: 'nan',
128 silly mapToRegistry   scope: null,
128 silly mapToRegistry   escapedName: 'nan',
128 silly mapToRegistry   name: 'nan',
128 silly mapToRegistry   rawSpec: '',
128 silly mapToRegistry   spec: 'latest',
128 silly mapToRegistry   type: 'tag' }
129 silly mapToRegistry uri https://registry.npmjs.org/nan
130 verbose addNameRange registry:https://registry.npmjs.org/nan not in flight; fetching
131 verbose get https://registry.npmjs.org/nan not expired, no request
132 silly addNameRange number 2 { name: 'nan', range: '>=2.0.9 <3.0.0', hasData: true }
133 silly addNameRange versions [ 'nan',
133 silly addNameRange   [ '0.3.0-wip',
133 silly addNameRange     '0.3.0-wip2',
133 silly addNameRange     '0.3.0',
133 silly addNameRange     '0.3.1',
133 silly addNameRange     '0.3.2',
133 silly addNameRange     '0.4.0',
133 silly addNameRange     '0.4.1',
133 silly addNameRange     '0.4.2',
133 silly addNameRange     '0.4.3',
133 silly addNameRange     '0.4.4',
133 silly addNameRange     '0.5.0',
133 silly addNameRange     '0.5.1',
133 silly addNameRange     '0.5.2',
133 silly addNameRange     '0.6.0',
133 silly addNameRange     '0.7.0',
133 silly addNameRange     '0.7.1',
133 silly addNameRange     '0.8.0',
133 silly addNameRange     '1.0.0',
133 silly addNameRange     '1.1.0',
133 silly addNameRange     '1.1.1',
133 silly addNameRange     '1.1.2',
133 silly addNameRange     '1.2.0',
133 silly addNameRange     '1.3.0',
133 silly addNameRange     '1.4.0',
133 silly addNameRange     '1.4.1',
133 silly addNameRange     '1.5.0',
133 silly addNameRange     '1.4.2',
133 silly addNameRange     '1.4.3',
133 silly addNameRange     '1.5.1',
133 silly addNameRange     '1.5.2',
133 silly addNameRange     '1.6.0',
133 silly addNameRange     '1.5.3',
133 silly addNameRange     '1.6.1',
133 silly addNameRange     '1.6.2',
133 silly addNameRange     '1.7.0',
133 silly addNameRange     '1.8.0',
133 silly addNameRange     '1.8.1',
133 silly addNameRange     '1.8.2',
133 silly addNameRange     '1.8.3',
133 silly addNameRange     '1.8.4',
133 silly addNameRange     '1.9.0',
133 silly addNameRange     '2.0.0',
133 silly addNameRange     '2.0.1',
133 silly addNameRange     '2.0.2',
133 silly addNameRange     '2.0.3',
133 silly addNameRange     '2.0.4',
133 silly addNameRange     '2.0.5',
133 silly addNameRange     '2.0.6',
133 silly addNameRange     '2.0.7',
133 silly addNameRange     '2.0.8',
133 silly addNameRange     '2.0.9',
133 silly addNameRange     '2.1.0',
133 silly addNameRange     '2.2.0',
133 silly addNameRange     '2.2.1',
133 silly addNameRange     '2.3.0',
133 silly addNameRange     '2.3.1',
133 silly addNameRange     '2.3.2',
133 silly addNameRange     '2.3.3',
133 silly addNameRange     '2.3.4',
133 silly addNameRange     '2.3.5',
133 silly addNameRange     '2.4.0' ] ]
134 silly addNamed nan@2.4.0
135 verbose addNamed "2.4.0" is a plain semver version for nan
136 silly cache afterAdd nan@2.4.0
137 verbose afterAdd C:\Users\Spoody\AppData\Roaming\npm-cache\nan\2.4.0\package\package.json not in flight; writing
138 verbose correctMkdir C:\Users\Spoody\AppData\Roaming\npm-cache correctMkdir not in flight; initializing
139 verbose afterAdd C:\Users\Spoody\AppData\Roaming\npm-cache\nan\2.4.0\package\package.json written
140 silly loadAllDepsIntoIdealTree Finishing
141 silly loadIdealTree Finishing
142 silly currentTree stream.git@0.0.0
142 silly currentTree +-- abab@1.0.3
142 silly currentTree +-- accepts@1.3.3
142 silly currentTree +-- acorn-globals@1.0.9
142 silly currentTree +-- acorn@2.7.0
142 silly currentTree +-- amdefine@1.0.1
142 silly currentTree +-- ansi-regex@2.0.0
142 silly currentTree +-- ansi-styles@2.2.1
142 silly currentTree +-- array-equal@1.0.0
142 silly currentTree +-- array-flatten@1.1.1
142 silly currentTree +-- asn1@0.2.3
142 silly currentTree +-- assert-plus@0.2.0
142 silly currentTree +-- asynckit@0.4.0
142 silly currentTree +-- aws-sign2@0.6.0
142 silly currentTree +-- aws4@1.5.0
142 silly currentTree +-- basic-auth@1.0.4
142 silly currentTree +-- bcrypt-pbkdf@1.0.0
142 silly currentTree +-- body-parser@1.15.2
142 silly currentTree +-- boom@2.10.1
142 silly currentTree +-- bytes@2.4.0
142 silly currentTree +-- caseless@0.11.0
142 silly currentTree +-- chalk@1.1.3
142 silly currentTree +-- combined-stream@1.0.5
142 silly currentTree +-- commander@2.9.0
142 silly currentTree +-- content-disposition@0.5.1
142 silly currentTree +-- content-type-parser@1.0.1
142 silly currentTree +-- content-type@1.0.2
142 silly currentTree +-- cookie-parser@1.4.3
142 silly currentTree +-- cookie-signature@1.0.6
142 silly currentTree +-- cookie@0.3.1
142 silly currentTree +-- cryptiles@2.0.5
142 silly currentTree +-- cssom@0.3.1
142 silly currentTree +-- cssstyle@0.2.37
142 silly currentTree +-- dashdash@1.14.1
142 silly currentTree | `-- assert-plus@1.0.0
142 silly currentTree +-- debug@2.2.0
142 silly currentTree +-- deep-is@0.1.3
142 silly currentTree +-- delayed-stream@1.0.0
142 silly currentTree +-- depd@1.1.0
142 silly currentTree +-- destroy@1.0.4
142 silly currentTree +-- ecc-jsbn@0.1.1
142 silly currentTree +-- ee-first@1.1.1
142 silly currentTree +-- ejs@2.5.5
142 silly currentTree +-- encodeurl@1.0.1
142 silly currentTree +-- escape-html@1.0.3
142 silly currentTree +-- escape-string-regexp@1.0.5
142 silly currentTree +-- escodegen@1.8.1
142 silly currentTree +-- esprima@2.7.3
142 silly currentTree +-- estraverse@1.9.3
142 silly currentTree +-- esutils@2.0.2
142 silly currentTree +-- etag@1.7.0
142 silly currentTree +-- express@4.14.0
142 silly currentTree +-- extend@3.0.0
142 silly currentTree +-- extsprintf@1.0.2
142 silly currentTree +-- fast-levenshtein@2.0.5
142 silly currentTree +-- finalhandler@0.5.0
142 silly currentTree +-- forever-agent@0.6.1
142 silly currentTree +-- form-data@2.1.2
142 silly currentTree +-- forwarded@0.1.0
142 silly currentTree +-- fresh@0.3.0
142 silly currentTree +-- generate-function@2.0.0
142 silly currentTree +-- generate-object-property@1.2.0
142 silly currentTree +-- getpass@0.1.6
142 silly currentTree | `-- assert-plus@1.0.0
142 silly currentTree +-- graceful-readlink@1.0.1
142 silly currentTree +-- har-validator@2.0.6
142 silly currentTree +-- has-ansi@2.0.0
142 silly currentTree +-- hawk@3.1.3
142 silly currentTree +-- hoek@2.16.3
142 silly currentTree +-- html-encoding-sniffer@1.0.1
142 silly currentTree +-- http-errors@1.5.1
142 silly currentTree +-- http-signature@1.1.1
142 silly currentTree +-- iconv-lite@0.4.13
142 silly currentTree +-- inherits@2.0.3
142 silly currentTree +-- ipaddr.js@1.1.1
142 silly currentTree +-- is-my-json-valid@2.15.0
142 silly currentTree +-- is-property@1.0.2
142 silly currentTree +-- is-typedarray@1.0.0
142 silly currentTree +-- isstream@0.1.2
142 silly currentTree +-- jodid25519@1.0.2
142 silly currentTree +-- jQuery@1.7.4
142 silly currentTree +-- jsbn@0.1.0
142 silly currentTree +-- jsdom@9.8.3
142 silly currentTree +-- json-schema@0.2.3
142 silly currentTree +-- json-stringify-safe@5.0.1
142 silly currentTree +-- jsonpointer@4.0.0
142 silly currentTree +-- jsprim@1.3.1
142 silly currentTree +-- levn@0.3.0
142 silly currentTree +-- media-typer@0.3.0
142 silly currentTree +-- merge-descriptors@1.0.1
142 silly currentTree +-- methods@1.1.2
142 silly currentTree +-- mime-db@1.25.0
142 silly currentTree +-- mime-types@2.1.13
142 silly currentTree +-- mime@1.3.4
142 silly currentTree +-- morgan@1.7.0
142 silly currentTree +-- ms@0.7.1
142 silly currentTree +-- negotiator@0.6.1
142 silly currentTree +-- nwmatcher@1.3.9
142 silly currentTree +-- oauth-sign@0.8.2
142 silly currentTree +-- on-finished@2.3.0
142 silly currentTree +-- on-headers@1.0.1
142 silly currentTree +-- optionator@0.8.2
142 silly currentTree +-- parse5@1.5.1
142 silly currentTree +-- parseurl@1.3.1
142 silly currentTree +-- path-to-regexp@0.1.7
142 silly currentTree +-- pinkie-promise@2.0.1
142 silly currentTree +-- pinkie@2.0.4
142 silly currentTree +-- prelude-ls@1.1.2
142 silly currentTree +-- proxy-addr@1.1.2
142 silly currentTree +-- punycode@1.4.1
142 silly currentTree +-- qs@6.2.0
142 silly currentTree +-- range-parser@1.2.0
142 silly currentTree +-- raw-body@2.1.7
142 silly currentTree +-- request@2.79.0
142 silly currentTree | `-- qs@6.3.0
142 silly currentTree +-- sax@1.2.1
142 silly currentTree +-- send@0.14.1
142 silly currentTree +-- serve-favicon@2.3.2
142 silly currentTree | `-- ms@0.7.2
142 silly currentTree +-- serve-static@1.11.1
142 silly currentTree +-- setprototypeof@1.0.2
142 silly currentTree +-- sntp@1.0.9
142 silly currentTree +-- source-map@0.2.0
142 silly currentTree +-- sshpk@1.10.1
142 silly currentTree | `-- assert-plus@1.0.0
142 silly currentTree +-- statuses@1.3.1
142 silly currentTree +-- stringstream@0.0.5
142 silly currentTree +-- strip-ansi@3.0.1
142 silly currentTree +-- supports-color@2.0.0
142 silly currentTree +-- symbol-tree@3.1.4
142 silly currentTree +-- tough-cookie@2.3.2
142 silly currentTree +-- tr46@0.0.3
142 silly currentTree +-- tunnel-agent@0.4.3
142 silly currentTree +-- tweetnacl@0.14.4
142 silly currentTree +-- type-check@0.3.2
142 silly currentTree +-- type-is@1.6.14
142 silly currentTree +-- unpipe@1.0.0
142 silly currentTree +-- utils-merge@1.0.0
142 silly currentTree +-- uuid@3.0.1
142 silly currentTree +-- vary@1.1.0
142 silly currentTree +-- verror@1.3.6
142 silly currentTree +-- webidl-conversions@3.0.1
142 silly currentTree +-- whatwg-encoding@1.0.1
142 silly currentTree +-- whatwg-url@3.1.0
142 silly currentTree +-- wordwrap@1.0.0
142 silly currentTree +-- xml-name-validator@2.0.1
142 silly currentTree `-- xtend@4.0.1
143 silly idealTree stream.git@0.0.0
143 silly idealTree +-- abab@1.0.3
143 silly idealTree +-- accepts@1.3.3
143 silly idealTree +-- acorn-globals@1.0.9
143 silly idealTree +-- acorn@2.7.0
143 silly idealTree +-- amdefine@1.0.1
143 silly idealTree +-- ansi-regex@2.0.0
143 silly idealTree +-- ansi-styles@2.2.1
143 silly idealTree +-- array-equal@1.0.0
143 silly idealTree +-- array-flatten@1.1.1
143 silly idealTree +-- asn1@0.2.3
143 silly idealTree +-- assert-plus@0.2.0
143 silly idealTree +-- asynckit@0.4.0
143 silly idealTree +-- aws-sign2@0.6.0
143 silly idealTree +-- aws4@1.5.0
143 silly idealTree +-- basic-auth@1.0.4
143 silly idealTree +-- bcrypt-pbkdf@1.0.0
143 silly idealTree +-- body-parser@1.15.2
143 silly idealTree +-- boom@2.10.1
143 silly idealTree +-- bytes@2.4.0
143 silly idealTree +-- canvas@1.2.11
143 silly idealTree +-- caseless@0.11.0
143 silly idealTree +-- chalk@1.1.3
143 silly idealTree +-- color-thief@2.2.2
143 silly idealTree +-- combined-stream@1.0.5
143 silly idealTree +-- commander@2.9.0
143 silly idealTree +-- content-disposition@0.5.1
143 silly idealTree +-- content-type-parser@1.0.1
143 silly idealTree +-- content-type@1.0.2
143 silly idealTree +-- cookie-parser@1.4.3
143 silly idealTree +-- cookie-signature@1.0.6
143 silly idealTree +-- cookie@0.3.1
143 silly idealTree +-- cryptiles@2.0.5
143 silly idealTree +-- cssom@0.3.1
143 silly idealTree +-- cssstyle@0.2.37
143 silly idealTree +-- dashdash@1.14.1
143 silly idealTree | `-- assert-plus@1.0.0
143 silly idealTree +-- debug@2.2.0
143 silly idealTree +-- deep-is@0.1.3
143 silly idealTree +-- delayed-stream@1.0.0
143 silly idealTree +-- depd@1.1.0
143 silly idealTree +-- destroy@1.0.4
143 silly idealTree +-- ecc-jsbn@0.1.1
143 silly idealTree +-- ee-first@1.1.1
143 silly idealTree +-- ejs@2.5.5
143 silly idealTree +-- encodeurl@1.0.1
143 silly idealTree +-- escape-html@1.0.3
143 silly idealTree +-- escape-string-regexp@1.0.5
143 silly idealTree +-- escodegen@1.8.1
143 silly idealTree +-- esprima@2.7.3
143 silly idealTree +-- estraverse@1.9.3
143 silly idealTree +-- esutils@2.0.2
143 silly idealTree +-- etag@1.7.0
143 silly idealTree +-- express@4.14.0
143 silly idealTree +-- extend@3.0.0
143 silly idealTree +-- extsprintf@1.0.2
143 silly idealTree +-- fast-levenshtein@2.0.5
143 silly idealTree +-- finalhandler@0.5.0
143 silly idealTree +-- forever-agent@0.6.1
143 silly idealTree +-- form-data@2.1.2
143 silly idealTree +-- forwarded@0.1.0
143 silly idealTree +-- fresh@0.3.0
143 silly idealTree +-- generate-function@2.0.0
143 silly idealTree +-- generate-object-property@1.2.0
143 silly idealTree +-- getpass@0.1.6
143 silly idealTree | `-- assert-plus@1.0.0
143 silly idealTree +-- graceful-readlink@1.0.1
143 silly idealTree +-- har-validator@2.0.6
143 silly idealTree +-- has-ansi@2.0.0
143 silly idealTree +-- hawk@3.1.3
143 silly idealTree +-- hoek@2.16.3
143 silly idealTree +-- html-encoding-sniffer@1.0.1
143 silly idealTree +-- http-errors@1.5.1
143 silly idealTree +-- http-signature@1.1.1
143 silly idealTree +-- iconv-lite@0.4.13
143 silly idealTree +-- inherits@2.0.3
143 silly idealTree +-- ipaddr.js@1.1.1
143 silly idealTree +-- is-my-json-valid@2.15.0
143 silly idealTree +-- is-property@1.0.2
143 silly idealTree +-- is-typedarray@1.0.0
143 silly idealTree +-- isstream@0.1.2
143 silly idealTree +-- jodid25519@1.0.2
143 silly idealTree +-- jQuery@1.7.4
143 silly idealTree +-- jsbn@0.1.0
143 silly idealTree +-- jsdom@9.8.3
143 silly idealTree +-- json-schema@0.2.3
143 silly idealTree +-- json-stringify-safe@5.0.1
143 silly idealTree +-- jsonpointer@4.0.0
143 silly idealTree +-- jsprim@1.3.1
143 silly idealTree +-- levn@0.3.0
143 silly idealTree +-- media-typer@0.3.0
143 silly idealTree +-- merge-descriptors@1.0.1
143 silly idealTree +-- methods@1.1.2
143 silly idealTree +-- mime-db@1.25.0
143 silly idealTree +-- mime-types@2.1.13
143 silly idealTree +-- mime@1.3.4
143 silly idealTree +-- morgan@1.7.0
143 silly idealTree +-- ms@0.7.1
143 silly idealTree +-- nan@2.4.0
143 silly idealTree +-- negotiator@0.6.1
143 silly idealTree +-- nwmatcher@1.3.9
143 silly idealTree +-- oauth-sign@0.8.2
143 silly idealTree +-- on-finished@2.3.0
143 silly idealTree +-- on-headers@1.0.1
143 silly idealTree +-- optionator@0.8.2
143 silly idealTree +-- parse5@1.5.1
143 silly idealTree +-- parseurl@1.3.1
143 silly idealTree +-- path-to-regexp@0.1.7
143 silly idealTree +-- pinkie-promise@2.0.1
143 silly idealTree +-- pinkie@2.0.4
143 silly idealTree +-- prelude-ls@1.1.2
143 silly idealTree +-- proxy-addr@1.1.2
143 silly idealTree +-- punycode@1.4.1
143 silly idealTree +-- qs@6.2.0
143 silly idealTree +-- range-parser@1.2.0
143 silly idealTree +-- raw-body@2.1.7
143 silly idealTree +-- request@2.79.0
143 silly idealTree | `-- qs@6.3.0
143 silly idealTree +-- sax@1.2.1
143 silly idealTree +-- send@0.14.1
143 silly idealTree +-- serve-favicon@2.3.2
143 silly idealTree | `-- ms@0.7.2
143 silly idealTree +-- serve-static@1.11.1
143 silly idealTree +-- setprototypeof@1.0.2
143 silly idealTree +-- sntp@1.0.9
143 silly idealTree +-- source-map@0.2.0
143 silly idealTree +-- sshpk@1.10.1
143 silly idealTree | `-- assert-plus@1.0.0
143 silly idealTree +-- statuses@1.3.1
143 silly idealTree +-- stringstream@0.0.5
143 silly idealTree +-- strip-ansi@3.0.1
143 silly idealTree +-- supports-color@2.0.0
143 silly idealTree +-- symbol-tree@3.1.4
143 silly idealTree +-- tough-cookie@2.3.2
143 silly idealTree +-- tr46@0.0.3
143 silly idealTree +-- tunnel-agent@0.4.3
143 silly idealTree +-- tweetnacl@0.14.4
143 silly idealTree +-- type-check@0.3.2
143 silly idealTree +-- type-is@1.6.14
143 silly idealTree +-- unpipe@1.0.0
143 silly idealTree +-- utils-merge@1.0.0
143 silly idealTree +-- uuid@3.0.1
143 silly idealTree +-- vary@1.1.0
143 silly idealTree +-- verror@1.3.6
143 silly idealTree +-- webidl-conversions@3.0.1
143 silly idealTree +-- whatwg-encoding@1.0.1
143 silly idealTree +-- whatwg-url@3.1.0
143 silly idealTree +-- wordwrap@1.0.0
143 silly idealTree +-- xml-name-validator@2.0.1
143 silly idealTree `-- xtend@4.0.1
144 silly generateActionsToTake Starting
145 silly install generateActionsToTake
146 silly generateActionsToTake Finishing
147 silly diffTrees action count 3
148 silly diffTrees add nan@2.4.0
149 silly diffTrees add canvas@1.2.11
150 silly diffTrees add color-thief@2.2.2
151 silly decomposeActions action count 24
152 silly decomposeActions fetch nan@2.4.0
153 silly decomposeActions extract nan@2.4.0
154 silly decomposeActions test nan@2.4.0
155 silly decomposeActions preinstall nan@2.4.0
156 silly decomposeActions build nan@2.4.0
157 silly decomposeActions install nan@2.4.0
158 silly decomposeActions postinstall nan@2.4.0
159 silly decomposeActions finalize nan@2.4.0
160 silly decomposeActions fetch canvas@1.2.11
161 silly decomposeActions extract canvas@1.2.11
162 silly decomposeActions test canvas@1.2.11
163 silly decomposeActions preinstall canvas@1.2.11
164 silly decomposeActions build canvas@1.2.11
165 silly decomposeActions install canvas@1.2.11
166 silly decomposeActions postinstall canvas@1.2.11
167 silly decomposeActions finalize canvas@1.2.11
168 silly decomposeActions fetch color-thief@2.2.2
169 silly decomposeActions extract color-thief@2.2.2
170 silly decomposeActions test color-thief@2.2.2
171 silly decomposeActions preinstall color-thief@2.2.2
172 silly decomposeActions build color-thief@2.2.2
173 silly decomposeActions install color-thief@2.2.2
174 silly decomposeActions postinstall color-thief@2.2.2
175 silly decomposeActions finalize color-thief@2.2.2
176 silly runTopLevelLifecycles Starting
177 silly executeActions Starting
178 silly install executeActions
179 silly doSerial global-install 0
180 silly doParallel fetch 3
181 verbose correctMkdir C:\Users\Spoody\AppData\Roaming\npm-cache\_locks correctMkdir not in flight; initializing
182 verbose lock using C:\Users\Spoody\AppData\Roaming\npm-cache\_locks\staging-7c2353afc5b43b92.lock for C:\Users\Spoody\stream.git\node_modules\.staging
183 silly doParallel extract 3
184 silly extract nan@2.4.0
185 silly extract canvas@1.2.11
186 silly extract color-thief@2.2.2
187 verbose unbuild node_modules\.staging\canvas-5733bf1f
188 verbose unbuild node_modules\.staging\nan-3121c000
189 verbose unbuild node_modules\.staging\color-thief-74b247c1
190 silly gentlyRm C:\Users\Spoody\stream.git\node_modules\.staging\canvas-5733bf1f is being purged from base C:\Users\Spoody\stream.git
191 verbose gentlyRm don't care about contents; nuking C:\Users\Spoody\stream.git\node_modules\.staging\canvas-5733bf1f
192 silly gentlyRm C:\Users\Spoody\stream.git\node_modules\.staging\color-thief-74b247c1 is being purged from base C:\Users\Spoody\stream.git
193 verbose gentlyRm don't care about contents; nuking C:\Users\Spoody\stream.git\node_modules\.staging\color-thief-74b247c1
194 silly gentlyRm C:\Users\Spoody\stream.git\node_modules\.staging\nan-3121c000 is being purged from base C:\Users\Spoody\stream.git
195 verbose gentlyRm don't care about contents; nuking C:\Users\Spoody\stream.git\node_modules\.staging\nan-3121c000
196 verbose tar unpack C:\Users\Spoody\AppData\Roaming\npm-cache\canvas\1.2.11\package.tgz
197 verbose tar unpacking to C:\Users\Spoody\stream.git\node_modules\.staging\canvas-5733bf1f
198 silly gentlyRm C:\Users\Spoody\stream.git\node_modules\.staging\canvas-5733bf1f is being purged
199 verbose gentlyRm don't care about contents; nuking C:\Users\Spoody\stream.git\node_modules\.staging\canvas-5733bf1f
200 verbose tar unpack C:\Users\Spoody\AppData\Roaming\npm-cache\color-thief\2.2.2\package.tgz
201 verbose tar unpacking to C:\Users\Spoody\stream.git\node_modules\.staging\color-thief-74b247c1
202 silly gentlyRm C:\Users\Spoody\stream.git\node_modules\.staging\color-thief-74b247c1 is being purged
203 verbose gentlyRm don't care about contents; nuking C:\Users\Spoody\stream.git\node_modules\.staging\color-thief-74b247c1
204 verbose tar unpack C:\Users\Spoody\AppData\Roaming\npm-cache\nan\2.4.0\package.tgz
205 verbose tar unpacking to C:\Users\Spoody\stream.git\node_modules\.staging\nan-3121c000
206 silly gentlyRm C:\Users\Spoody\stream.git\node_modules\.staging\nan-3121c000 is being purged
207 verbose gentlyRm don't care about contents; nuking C:\Users\Spoody\stream.git\node_modules\.staging\nan-3121c000
208 silly gunzTarPerm modes [ '777', '666' ]
209 silly gunzTarPerm modes [ '777', '666' ]
210 silly gunzTarPerm modes [ '777', '666' ]
211 silly gunzTarPerm extractEntry package.json
212 silly gunzTarPerm modified mode [ 'package.json', 420, 438 ]
213 silly gunzTarPerm extractEntry package.json
214 silly gunzTarPerm modified mode [ 'package.json', 420, 438 ]
215 silly gunzTarPerm extractEntry package.json
216 silly gunzTarPerm modified mode [ 'package.json', 436, 438 ]
217 silly gunzTarPerm extractEntry .npmignore
218 silly gunzTarPerm modified mode [ '.npmignore', 420, 438 ]
219 silly gunzTarPerm extractEntry index.js
220 silly gunzTarPerm modified mode [ 'index.js', 420, 438 ]
221 silly gunzTarPerm extractEntry .npmignore
222 silly gunzTarPerm modified mode [ '.npmignore', 420, 438 ]
223 silly gunzTarPerm extractEntry demo.js
224 silly gunzTarPerm modified mode [ 'demo.js', 420, 438 ]
225 silly gunzTarPerm extractEntry README.md
226 silly gunzTarPerm modified mode [ 'README.md', 436, 438 ]
227 silly gunzTarPerm extractEntry include_dirs.js
228 silly gunzTarPerm modified mode [ 'include_dirs.js', 436, 438 ]
229 silly gunzTarPerm extractEntry node-demo.js
230 silly gunzTarPerm modified mode [ 'node-demo.js', 420, 438 ]
231 silly gunzTarPerm extractEntry test/color-thief-test.js
232 silly gunzTarPerm modified mode [ 'test/color-thief-test.js', 420, 438 ]
233 silly gunzTarPerm extractEntry History.md
234 silly gunzTarPerm modified mode [ 'History.md', 420, 438 ]
235 silly gunzTarPerm extractEntry Readme.md
236 silly gunzTarPerm modified mode [ 'Readme.md', 420, 438 ]
237 silly gunzTarPerm extractEntry binding.gyp
238 silly gunzTarPerm modified mode [ 'binding.gyp', 493, 511 ]
239 silly gunzTarPerm extractEntry .gitmodules
240 silly gunzTarPerm modified mode [ '.gitmodules', 420, 438 ]
241 silly gunzTarPerm extractEntry install
242 silly gunzTarPerm modified mode [ 'install', 493, 511 ]
243 silly gunzTarPerm extractEntry lib/bindings.js
244 silly gunzTarPerm modified mode [ 'lib/bindings.js', 420, 438 ]
245 silly gunzTarPerm extractEntry lib/canvas.js
246 silly gunzTarPerm modified mode [ 'lib/canvas.js', 420, 438 ]
247 silly gunzTarPerm extractEntry lib/context2d.js
248 silly gunzTarPerm modified mode [ 'lib/context2d.js', 420, 438 ]
249 silly gunzTarPerm extractEntry lib/image.js
250 silly gunzTarPerm modified mode [ 'lib/image.js', 420, 438 ]
251 silly gunzTarPerm extractEntry lib/jpegstream.js
252 silly gunzTarPerm modified mode [ 'lib/jpegstream.js', 420, 438 ]
253 silly gunzTarPerm extractEntry lib/pngstream.js
254 silly gunzTarPerm modified mode [ 'lib/pngstream.js', 420, 438 ]
255 silly gunzTarPerm extractEntry .travis.yml
256 silly gunzTarPerm modified mode [ '.travis.yml', 420, 438 ]
257 silly gunzTarPerm extractEntry src/Image.cc
258 silly gunzTarPerm modified mode [ 'src/Image.cc', 420, 438 ]
259 silly gunzTarPerm extractEntry src/Canvas.cc
260 silly gunzTarPerm modified mode [ 'src/Canvas.cc', 420, 438 ]
261 silly gunzTarPerm extractEntry src/CanvasGradient.cc
262 silly gunzTarPerm modified mode [ 'src/CanvasGradient.cc', 420, 438 ]
263 silly gunzTarPerm extractEntry src/CanvasGradient.h
264 silly gunzTarPerm modified mode [ 'src/CanvasGradient.h', 420, 438 ]
265 silly gunzTarPerm extractEntry src/CanvasPattern.cc
266 silly gunzTarPerm modified mode [ 'src/CanvasPattern.cc', 420, 438 ]
267 silly gunzTarPerm extractEntry src/CanvasPattern.h
268 silly gunzTarPerm modified mode [ 'src/CanvasPattern.h', 420, 438 ]
269 silly gunzTarPerm extractEntry src/CanvasRenderingContext2d.cc
270 silly gunzTarPerm modified mode [ 'src/CanvasRenderingContext2d.cc', 493, 511 ]
271 silly gunzTarPerm extractEntry src/CanvasRenderingContext2d.h
272 silly gunzTarPerm modified mode [ 'src/CanvasRenderingContext2d.h', 420, 438 ]
273 silly gunzTarPerm extractEntry src/FontFace.cc
274 silly gunzTarPerm modified mode [ 'src/FontFace.cc', 493, 511 ]
275 silly gunzTarPerm extractEntry src/FontFace.h
276 silly gunzTarPerm modified mode [ 'src/FontFace.h', 420, 438 ]
277 silly gunzTarPerm extractEntry src/Canvas.h
278 silly gunzTarPerm modified mode [ 'src/Canvas.h', 420, 438 ]
279 silly gunzTarPerm extractEntry src/Image.h
280 silly gunzTarPerm modified mode [ 'src/Image.h', 420, 438 ]
281 silly gunzTarPerm extractEntry src/ImageData.cc
282 silly gunzTarPerm modified mode [ 'src/ImageData.cc', 420, 438 ]
283 silly gunzTarPerm extractEntry src/ImageData.h
284 silly gunzTarPerm modified mode [ 'src/ImageData.h', 420, 438 ]
285 silly gunzTarPerm extractEntry src/JPEGStream.h
286 silly gunzTarPerm modified mode [ 'src/JPEGStream.h', 420, 438 ]
287 silly gunzTarPerm extractEntry src/PNG.h
288 silly gunzTarPerm modified mode [ 'src/PNG.h', 420, 438 ]
289 silly gunzTarPerm extractEntry src/Point.h
290 silly gunzTarPerm modified mode [ 'src/Point.h', 420, 438 ]
291 silly gunzTarPerm extractEntry src/closure.h
292 silly gunzTarPerm modified mode [ 'src/closure.h', 420, 438 ]
293 silly gunzTarPerm extractEntry src/color.cc
294 silly gunzTarPerm modified mode [ 'src/color.cc', 420, 438 ]
295 silly gunzTarPerm extractEntry src/color.h
296 silly gunzTarPerm modified mode [ 'src/color.h', 420, 438 ]
297 silly gunzTarPerm extractEntry src/init.cc
298 silly gunzTarPerm modified mode [ 'src/init.cc', 493, 511 ]
299 silly gunzTarPerm extractEntry util/cairo_include.sh
300 silly gunzTarPerm modified mode [ 'util/cairo_include.sh', 493, 511 ]
301 silly gunzTarPerm extractEntry util/has_cairo_freetype.sh
302 silly gunzTarPerm modified mode [ 'util/has_cairo_freetype.sh', 493, 511 ]
303 silly gunzTarPerm extractEntry util/has_lib.sh
304 silly gunzTarPerm modified mode [ 'util/has_lib.sh', 493, 511 ]
305 silly gunzTarPerm extractEntry util/lib_lookup.sh
306 silly gunzTarPerm modified mode [ 'util/lib_lookup.sh', 493, 511 ]
307 silly gunzTarPerm extractEntry nan_callbacks_pre_12_inl.h
308 silly gunzTarPerm modified mode [ 'nan_callbacks_pre_12_inl.h', 436, 438 ]
309 silly gunzTarPerm extractEntry CHANGELOG.md
310 silly gunzTarPerm modified mode [ 'CHANGELOG.md', 436, 438 ]
311 silly gunzTarPerm extractEntry LICENSE.md
312 silly gunzTarPerm modified mode [ 'LICENSE.md', 436, 438 ]
313 silly gunzTarPerm extractEntry doc/node_misc.md
314 silly gunzTarPerm modified mode [ 'doc/node_misc.md', 436, 438 ]
315 silly gunzTarPerm extractEntry img/dark_checkered_bg.png
316 silly gunzTarPerm modified mode [ 'img/dark_checkered_bg.png', 420, 438 ]
317 silly gunzTarPerm extractEntry img/drag_placeholder.png
318 silly gunzTarPerm modified mode [ 'img/drag_placeholder.png', 420, 438 ]
319 silly gunzTarPerm extractEntry doc/asyncworker.md
320 silly gunzTarPerm modified mode [ 'doc/asyncworker.md', 436, 438 ]
321 silly gunzTarPerm extractEntry doc/callback.md
322 silly gunzTarPerm modified mode [ 'doc/callback.md', 436, 438 ]
323 silly gunzTarPerm extractEntry img/photo1.jpg
324 silly gunzTarPerm modified mode [ 'img/photo1.jpg', 420, 438 ]
325 silly gunzTarPerm extractEntry doc/converters.md
326 silly gunzTarPerm modified mode [ 'doc/converters.md', 436, 438 ]
327 silly gunzTarPerm extractEntry doc/errors.md
328 silly gunzTarPerm modified mode [ 'doc/errors.md', 436, 438 ]
329 silly gunzTarPerm extractEntry img/photo2.jpg
330 silly gunzTarPerm modified mode [ 'img/photo2.jpg', 420, 438 ]
331 silly gunzTarPerm extractEntry doc/maybe_types.md
332 silly gunzTarPerm modified mode [ 'doc/maybe_types.md', 436, 438 ]
333 silly gunzTarPerm extractEntry doc/methods.md
334 silly gunzTarPerm modified mode [ 'doc/methods.md', 436, 438 ]
335 silly gunzTarPerm extractEntry doc/new.md
336 silly gunzTarPerm modified mode [ 'doc/new.md', 436, 438 ]
337 silly gunzTarPerm extractEntry doc/buffers.md
338 silly gunzTarPerm modified mode [ 'doc/buffers.md', 436, 438 ]
339 silly gunzTarPerm extractEntry img/photo3.jpg
340 silly gunzTarPerm modified mode [ 'img/photo3.jpg', 420, 438 ]
341 silly gunzTarPerm extractEntry doc/object_wrappers.md
342 silly gunzTarPerm modified mode [ 'doc/object_wrappers.md', 436, 438 ]
343 silly gunzTarPerm extractEntry doc/persistent.md
344 silly gunzTarPerm modified mode [ 'doc/persistent.md', 436, 438 ]
345 silly gunzTarPerm extractEntry README.markdown
346 silly gunzTarPerm modified mode [ 'README.markdown', 420, 438 ]
347 silly gunzTarPerm extractEntry js/color-thief.js
348 silly gunzTarPerm modified mode [ 'js/color-thief.js', 420, 438 ]
349 silly gunzTarPerm extractEntry js/libs/jquery-2.0.2.min.js
350 silly gunzTarPerm modified mode [ 'js/libs/jquery-2.0.2.min.js', 420, 438 ]
351 silly gunzTarPerm extractEntry doc/scopes.md
352 silly gunzTarPerm modified mode [ 'doc/scopes.md', 436, 438 ]
353 silly gunzTarPerm extractEntry doc/script.md
354 silly gunzTarPerm modified mode [ 'doc/script.md', 436, 438 ]
355 silly gunzTarPerm extractEntry js/libs/jquery.lettering.js
356 silly gunzTarPerm modified mode [ 'js/libs/jquery.lettering.js', 420, 438 ]
357 silly gunzTarPerm extractEntry js/libs/modernizr.custom.js
358 silly gunzTarPerm modified mode [ 'js/libs/modernizr.custom.js', 420, 438 ]
359 silly gunzTarPerm extractEntry js/libs/mustache.js
360 silly gunzTarPerm modified mode [ 'js/libs/mustache.js', 420, 438 ]
361 silly gunzTarPerm extractEntry doc/string_bytes.md
362 silly gunzTarPerm modified mode [ 'doc/string_bytes.md', 436, 438 ]
363 silly gunzTarPerm extractEntry doc/v8_internals.md
364 silly gunzTarPerm modified mode [ 'doc/v8_internals.md', 436, 438 ]
365 silly gunzTarPerm extractEntry component.json
366 silly gunzTarPerm modified mode [ 'component.json', 420, 438 ]
367 silly gunzTarPerm extractEntry css/app.css
368 silly gunzTarPerm modified mode [ 'css/app.css', 420, 438 ]
369 silly gunzTarPerm extractEntry sass/app.sass
370 silly gunzTarPerm modified mode [ 'sass/app.sass', 420, 438 ]
371 silly gunzTarPerm extractEntry index.html
372 silly gunzTarPerm modified mode [ 'index.html', 493, 511 ]
373 silly gunzTarPerm extractEntry doc/v8_misc.md
374 silly gunzTarPerm modified mode [ 'doc/v8_misc.md', 436, 438 ]
375 silly gunzTarPerm extractEntry nan.h
376 silly gunzTarPerm modified mode [ 'nan.h', 436, 438 ]
377 silly gunzTarPerm extractEntry nan_callbacks.h
378 silly gunzTarPerm modified mode [ 'nan_callbacks.h', 436, 438 ]
379 silly gunzTarPerm extractEntry nan_callbacks_12_inl.h
380 silly gunzTarPerm modified mode [ 'nan_callbacks_12_inl.h', 436, 438 ]
381 silly gunzTarPerm extractEntry nan_converters.h
382 silly gunzTarPerm modified mode [ 'nan_converters.h', 436, 438 ]
383 silly gunzTarPerm extractEntry nan_converters_43_inl.h
384 silly gunzTarPerm modified mode [ 'nan_converters_43_inl.h', 436, 438 ]
385 silly gunzTarPerm extractEntry nan_converters_pre_43_inl.h
386 silly gunzTarPerm modified mode [ 'nan_converters_pre_43_inl.h', 436, 438 ]
387 silly gunzTarPerm extractEntry nan_implementation_12_inl.h
388 silly gunzTarPerm modified mode [ 'nan_implementation_12_inl.h', 436, 438 ]
389 silly gunzTarPerm extractEntry nan_implementation_pre_12_inl.h
390 silly gunzTarPerm modified mode [ 'nan_implementation_pre_12_inl.h', 436, 438 ]
391 silly gunzTarPerm extractEntry nan_maybe_43_inl.h
392 silly gunzTarPerm modified mode [ 'nan_maybe_43_inl.h', 436, 438 ]
393 silly gunzTarPerm extractEntry nan_maybe_pre_43_inl.h
394 silly gunzTarPerm modified mode [ 'nan_maybe_pre_43_inl.h', 436, 438 ]
395 silly gunzTarPerm extractEntry nan_new.h
396 silly gunzTarPerm modified mode [ 'nan_new.h', 436, 438 ]
397 silly gunzTarPerm extractEntry nan_object_wrap.h
398 silly gunzTarPerm modified mode [ 'nan_object_wrap.h', 436, 438 ]
399 silly gunzTarPerm extractEntry nan_persistent_12_inl.h
400 silly gunzTarPerm modified mode [ 'nan_persistent_12_inl.h', 436, 438 ]
401 silly gunzTarPerm extractEntry nan_persistent_pre_12_inl.h
402 silly gunzTarPerm modified mode [ 'nan_persistent_pre_12_inl.h', 436, 438 ]
403 silly gunzTarPerm extractEntry nan_string_bytes.h
404 silly gunzTarPerm modified mode [ 'nan_string_bytes.h', 436, 438 ]
405 silly gunzTarPerm extractEntry nan_typedarray_contents.h
406 silly gunzTarPerm modified mode [ 'nan_typedarray_contents.h', 436, 438 ]
407 silly gunzTarPerm extractEntry nan_weak.h
408 silly gunzTarPerm modified mode [ 'nan_weak.h', 436, 438 ]
409 silly gunzTarPerm extractEntry tools/package.json
410 silly gunzTarPerm modified mode [ 'tools/package.json', 436, 438 ]
411 silly gunzTarPerm extractEntry tools/README.md
412 silly gunzTarPerm modified mode [ 'tools/README.md', 436, 438 ]
413 silly gunzTarPerm extractEntry tools/1to2.js
414 silly gunzTarPerm modified mode [ 'tools/1to2.js', 509, 511 ]
415 silly gentlyRm C:\Users\Spoody\stream.git\node_modules\.staging\color-thief-74b247c1\node_modules is being purged
416 verbose gentlyRm don't care about contents; nuking C:\Users\Spoody\stream.git\node_modules\.staging\color-thief-74b247c1\node_modules
417 silly gentlyRm C:\Users\Spoody\stream.git\node_modules\.staging\canvas-5733bf1f\node_modules is being purged
418 verbose gentlyRm don't care about contents; nuking C:\Users\Spoody\stream.git\node_modules\.staging\canvas-5733bf1f\node_modules
419 silly gentlyRm C:\Users\Spoody\stream.git\node_modules\.staging\nan-3121c000\node_modules is being purged
420 verbose gentlyRm don't care about contents; nuking C:\Users\Spoody\stream.git\node_modules\.staging\nan-3121c000\node_modules
421 silly doParallel preinstall 3
422 silly preinstall nan@2.4.0 C:\Users\Spoody\stream.git\node_modules\.staging\nan-3121c000
423 info lifecycle nan@2.4.0~preinstall: nan@2.4.0
424 silly preinstall canvas@1.2.11 C:\Users\Spoody\stream.git\node_modules\.staging\canvas-5733bf1f
425 info lifecycle canvas@1.2.11~preinstall: canvas@1.2.11
426 silly preinstall color-thief@2.2.2 C:\Users\Spoody\stream.git\node_modules\.staging\color-thief-74b247c1
427 info lifecycle color-thief@2.2.2~preinstall: color-thief@2.2.2
428 silly lifecycle nan@2.4.0~preinstall: no script for preinstall, continuing
429 silly lifecycle canvas@1.2.11~preinstall: no script for preinstall, continuing
430 silly lifecycle color-thief@2.2.2~preinstall: no script for preinstall, continuing
431 silly doReverseSerial remove 0
432 silly doSerial move 0
433 silly doSerial finalize 3
434 silly finalize C:\Users\Spoody\stream.git\node_modules\nan
435 silly finalize C:\Users\Spoody\stream.git\node_modules\canvas
436 silly finalize C:\Users\Spoody\stream.git\node_modules\color-thief
437 silly doSerial build 3
438 silly build nan@2.4.0
439 info linkStuff nan@2.4.0
440 silly linkStuff nan@2.4.0 has C:\Users\Spoody\stream.git\node_modules as its parent node_modules
441 verbose linkBins nan@2.4.0
442 verbose linkMans nan@2.4.0
443 silly build canvas@1.2.11
444 info linkStuff canvas@1.2.11
445 silly linkStuff canvas@1.2.11 has C:\Users\Spoody\stream.git\node_modules as its parent node_modules
446 verbose linkBins canvas@1.2.11
447 verbose linkMans canvas@1.2.11
448 silly build color-thief@2.2.2
449 info linkStuff color-thief@2.2.2
450 silly linkStuff color-thief@2.2.2 has C:\Users\Spoody\stream.git\node_modules as its parent node_modules
451 verbose linkBins color-thief@2.2.2
452 verbose linkMans color-thief@2.2.2
453 silly doSerial global-link 0
454 silly doParallel update-linked 0
455 silly doSerial install 3
456 silly install nan@2.4.0 C:\Users\Spoody\stream.git\node_modules\.staging\nan-3121c000
457 info lifecycle nan@2.4.0~install: nan@2.4.0
458 silly lifecycle nan@2.4.0~install: no script for install, continuing
459 silly install canvas@1.2.11 C:\Users\Spoody\stream.git\node_modules\.staging\canvas-5733bf1f
460 info lifecycle canvas@1.2.11~install: canvas@1.2.11
461 verbose lifecycle canvas@1.2.11~install: unsafe-perm in lifecycle true
462 verbose lifecycle canvas@1.2.11~install: PATH: C:\Program Files\nodejs\node_modules\npm\bin\node-gyp-bin;C:\Users\Spoody\stream.git\node_modules\canvas\node_modules\.bin;C:\Users\Spoody\stream.git\node_modules\.bin;C:\Program Files (x86)\OpenSSH\bin;C:\Program Files\nodejs\;C:\Program Files\Git\cmd;C:\Users\Spoody\AppData\Local\Microsoft\WindowsApps;C:\Users\Spoody\AppData\Local\atom\bin;C:\Users\Spoody\AppData\Roaming\npm
463 verbose lifecycle canvas@1.2.11~install: CWD: C:\Users\Spoody\stream.git\node_modules\canvas
464 silly lifecycle canvas@1.2.11~install: Args: [ '/d /s /c', 'node-gyp rebuild' ]
465 silly lifecycle canvas@1.2.11~install: Returned: code: 1  signal: null
466 info lifecycle canvas@1.2.11~install: Failed to exec install script
467 verbose unlock done using C:\Users\Spoody\AppData\Roaming\npm-cache\_locks\staging-7c2353afc5b43b92.lock for C:\Users\Spoody\stream.git\node_modules\.staging
468 silly rollbackFailedOptional Starting
469 silly rollbackFailedOptional Finishing
470 silly runTopLevelLifecycles Finishing
471 silly install printInstalled
472 verbose stack Error: canvas@1.2.11 install: `node-gyp rebuild`
472 verbose stack Exit status 1
472 verbose stack     at EventEmitter.<anonymous> (C:\Program Files\nodejs\node_modules\npm\lib\utils\lifecycle.js:255:16)
472 verbose stack     at emitTwo (events.js:106:13)
472 verbose stack     at EventEmitter.emit (events.js:191:7)
472 verbose stack     at ChildProcess.<anonymous> (C:\Program Files\nodejs\node_modules\npm\lib\utils\spawn.js:40:14)
472 verbose stack     at emitTwo (events.js:106:13)
472 verbose stack     at ChildProcess.emit (events.js:191:7)
472 verbose stack     at maybeClose (internal/child_process.js:885:16)
472 verbose stack     at Process.ChildProcess._handle.onexit (internal/child_process.js:226:5)
473 verbose pkgid canvas@1.2.11
474 verbose cwd C:\Users\Spoody\stream.git
475 error Windows_NT 10.0.14393
476 error argv "C:\\Program Files\\nodejs\\node.exe" "C:\\Program Files\\nodejs\\node_modules\\npm\\bin\\npm-cli.js" "install" "color-thief"
477 error node v7.2.0
478 error npm  v3.10.9
479 error code ELIFECYCLE
480 error canvas@1.2.11 install: `node-gyp rebuild`
480 error Exit status 1
481 error Failed at the canvas@1.2.11 install script 'node-gyp rebuild'.
481 error Make sure you have the latest version of node.js and npm installed.
481 error If you do, this is most likely a problem with the canvas package,
481 error not with npm itself.
481 error Tell the author that this fails on your system:
481 error     node-gyp rebuild
481 error You can get information on how to open an issue for this project with:
481 error     npm bugs canvas
481 error Or if that isn't available, you can get their info via:
481 error     npm owner ls canvas
481 error There is likely additional logging output above.
482 verbose exit [ 1, true ]
